<?xml version="1.0" encoding="UTF-8"?>
<!-- Generated by org.testng.reporters.JUnitReportReporter -->
<testsuite skipped="0" hostname="LAPTOP-3SV61RA4" name="Cucumber.Automation.AppTest" tests="1" failures="0" timestamp="2020-06-16T21:36:22 CDT" time="0.014" errors="0">
  <testcase name="testApp" time="0.014" classname="Cucumber.Automation.AppTest"/>
  <system-out/>
</testsuite> <!-- Cucumber.Automation.AppTest -->
