<?xml version="1.0" encoding="UTF-8"?>
<testsuite xmlns:xsi="http://www.w3.org/2001/XMLSchema-instance" xsi:noNamespaceSchemaLocation="https://maven.apache.org/surefire/maven-surefire-plugin/xsd/surefire-test-report.xsd" name="TestSuite" time="1.49" tests="1" errors="0" skipped="0" failures="0">
  <properties>
    <property name="sun.desktop" value="windows"/>
    <property name="awt.toolkit" value="sun.awt.windows.WToolkit"/>
    <property name="file.encoding.pkg" value="sun.io"/>
    <property name="java.specification.version" value="1.8"/>
    <property name="sun.cpu.isalist" value="amd64"/>
    <property name="sun.jnu.encoding" value="Cp1252"/>
    <property name="java.class.path" value="C:\Users\sahil\eclipse-workspace\Automation\target\test-classes;C:\Users\sahil\eclipse-workspace\Automation\target\classes;C:\Users\sahil\.m2\repository\io\cucumber\cucumber-junit\4.8.1\cucumber-junit-4.8.1.jar;C:\Users\sahil\.m2\repository\org\apiguardian\apiguardian-api\1.1.0\apiguardian-api-1.1.0.jar;C:\Users\sahil\.m2\repository\junit\junit\4.12\junit-4.12.jar;C:\Users\sahil\.m2\repository\org\hamcrest\hamcrest-core\1.3\hamcrest-core-1.3.jar;C:\Users\sahil\.m2\repository\io\cucumber\cucumber-core\4.8.1\cucumber-core-4.8.1.jar;C:\Users\sahil\.m2\repository\io\cucumber\gherkin\5.1.0\gherkin-5.1.0.jar;C:\Users\sahil\.m2\repository\io\cucumber\tag-expressions\1.1.1\tag-expressions-1.1.1.jar;C:\Users\sahil\.m2\repository\io\cucumber\cucumber-expressions\7.0.2\cucumber-expressions-7.0.2.jar;C:\Users\sahil\.m2\repository\io\cucumber\datatable\1.1.14\datatable-1.1.14.jar;C:\Users\sahil\.m2\repository\io\cucumber\datatable-dependencies\1.1.14\datatable-dependencies-1.1.14.jar;C:\Users\sahil\.m2\repository\io\cucumber\cucumber-java\4.8.1\cucumber-java-4.8.1.jar;C:\Users\sahil\.m2\repository\org\testng\testng\7.1.0\testng-7.1.0.jar;C:\Users\sahil\.m2\repository\com\beust\jcommander\1.72\jcommander-1.72.jar;C:\Users\sahil\.m2\repository\com\google\inject\guice\4.1.0\guice-4.1.0-no_aop.jar;C:\Users\sahil\.m2\repository\javax\inject\javax.inject\1\javax.inject-1.jar;C:\Users\sahil\.m2\repository\aopalliance\aopalliance\1.0\aopalliance-1.0.jar;C:\Users\sahil\.m2\repository\com\google\guava\guava\19.0\guava-19.0.jar;C:\Users\sahil\.m2\repository\org\yaml\snakeyaml\1.21\snakeyaml-1.21.jar;"/>
    <property name="java.vm.vendor" value="Oracle Corporation"/>
    <property name="sun.arch.data.model" value="64"/>
    <property name="user.variant" value=""/>
    <property name="java.vendor.url" value="http://java.oracle.com/"/>
    <property name="user.timezone" value="America/Chicago"/>
    <property name="java.vm.specification.version" value="1.8"/>
    <property name="os.name" value="Windows 10"/>
    <property name="user.country" value="US"/>
    <property name="sun.java.launcher" value="SUN_STANDARD"/>
    <property name="sun.boot.library.path" value="C:\Program Files\Java\jdk1.8.0_251\jre\bin"/>
    <property name="sun.java.command" value="C:\Users\sahil\AppData\Local\Temp\surefire4235563720542438217\surefirebooter5371496330484308376.jar C:\Users\sahil\AppData\Local\Temp\surefire4235563720542438217 2020-06-16T21-36-20_329-jvmRun1 surefire1243462314301818393tmp surefire_02936004268732453470tmp"/>
    <property name="surefire.test.class.path" value="C:\Users\sahil\eclipse-workspace\Automation\target\test-classes;C:\Users\sahil\eclipse-workspace\Automation\target\classes;C:\Users\sahil\.m2\repository\io\cucumber\cucumber-junit\4.8.1\cucumber-junit-4.8.1.jar;C:\Users\sahil\.m2\repository\org\apiguardian\apiguardian-api\1.1.0\apiguardian-api-1.1.0.jar;C:\Users\sahil\.m2\repository\junit\junit\4.12\junit-4.12.jar;C:\Users\sahil\.m2\repository\org\hamcrest\hamcrest-core\1.3\hamcrest-core-1.3.jar;C:\Users\sahil\.m2\repository\io\cucumber\cucumber-core\4.8.1\cucumber-core-4.8.1.jar;C:\Users\sahil\.m2\repository\io\cucumber\gherkin\5.1.0\gherkin-5.1.0.jar;C:\Users\sahil\.m2\repository\io\cucumber\tag-expressions\1.1.1\tag-expressions-1.1.1.jar;C:\Users\sahil\.m2\repository\io\cucumber\cucumber-expressions\7.0.2\cucumber-expressions-7.0.2.jar;C:\Users\sahil\.m2\repository\io\cucumber\datatable\1.1.14\datatable-1.1.14.jar;C:\Users\sahil\.m2\repository\io\cucumber\datatable-dependencies\1.1.14\datatable-dependencies-1.1.14.jar;C:\Users\sahil\.m2\repository\io\cucumber\cucumber-java\4.8.1\cucumber-java-4.8.1.jar;C:\Users\sahil\.m2\repository\org\testng\testng\7.1.0\testng-7.1.0.jar;C:\Users\sahil\.m2\repository\com\beust\jcommander\1.72\jcommander-1.72.jar;C:\Users\sahil\.m2\repository\com\google\inject\guice\4.1.0\guice-4.1.0-no_aop.jar;C:\Users\sahil\.m2\repository\javax\inject\javax.inject\1\javax.inject-1.jar;C:\Users\sahil\.m2\repository\aopalliance\aopalliance\1.0\aopalliance-1.0.jar;C:\Users\sahil\.m2\repository\com\google\guava\guava\19.0\guava-19.0.jar;C:\Users\sahil\.m2\repository\org\yaml\snakeyaml\1.21\snakeyaml-1.21.jar;"/>
    <property name="sun.cpu.endian" value="little"/>
    <property name="user.home" value="C:\Users\sahil"/>
    <property name="user.language" value="en"/>
    <property name="java.specification.vendor" value="Oracle Corporation"/>
    <property name="java.home" value="C:\Program Files\Java\jdk1.8.0_251\jre"/>
    <property name="basedir" value="C:\Users\sahil\eclipse-workspace\Automation"/>
    <property name="file.separator" value="\"/>
    <property name="line.separator" value="&#10;"/>
    <property name="java.vm.specification.vendor" value="Oracle Corporation"/>
    <property name="java.specification.name" value="Java Platform API Specification"/>
    <property name="java.awt.graphicsenv" value="sun.awt.Win32GraphicsEnvironment"/>
    <property name="surefire.real.class.path" value="C:\Users\sahil\AppData\Local\Temp\surefire4235563720542438217\surefirebooter5371496330484308376.jar"/>
    <property name="sun.boot.class.path" value="C:\Program Files\Java\jdk1.8.0_251\jre\lib\resources.jar;C:\Program Files\Java\jdk1.8.0_251\jre\lib\rt.jar;C:\Program Files\Java\jdk1.8.0_251\jre\lib\sunrsasign.jar;C:\Program Files\Java\jdk1.8.0_251\jre\lib\jsse.jar;C:\Program Files\Java\jdk1.8.0_251\jre\lib\jce.jar;C:\Program Files\Java\jdk1.8.0_251\jre\lib\charsets.jar;C:\Program Files\Java\jdk1.8.0_251\jre\lib\jfr.jar;C:\Program Files\Java\jdk1.8.0_251\jre\classes"/>
    <property name="user.script" value=""/>
    <property name="sun.management.compiler" value="HotSpot 64-Bit Tiered Compilers"/>
    <property name="java.runtime.version" value="1.8.0_251-b08"/>
    <property name="user.name" value="sahil"/>
    <property name="path.separator" value=";"/>
    <property name="os.version" value="10.0"/>
    <property name="java.endorsed.dirs" value="C:\Program Files\Java\jdk1.8.0_251\jre\lib\endorsed"/>
    <property name="java.runtime.name" value="Java(TM) SE Runtime Environment"/>
    <property name="file.encoding" value="Cp1252"/>
    <property name="java.vm.name" value="Java HotSpot(TM) 64-Bit Server VM"/>
    <property name="localRepository" value="C:\Users\sahil\.m2\repository"/>
    <property name="java.vendor.url.bug" value="http://bugreport.sun.com/bugreport/"/>
    <property name="java.io.tmpdir" value="C:\Users\sahil\AppData\Local\Temp\"/>
    <property name="java.version" value="1.8.0_251"/>
    <property name="user.dir" value="C:\Users\sahil\eclipse-workspace\Automation"/>
    <property name="os.arch" value="amd64"/>
    <property name="java.vm.specification.name" value="Java Virtual Machine Specification"/>
    <property name="java.awt.printerjob" value="sun.awt.windows.WPrinterJob"/>
    <property name="sun.os.patch.level" value=""/>
    <property name="java.library.path" value="C:\Program Files\Java\jdk1.8.0_251\jre\bin;C:\WINDOWS\Sun\Java\bin;C:\WINDOWS\system32;C:\WINDOWS;C:\Program Files (x86)\Common Files\Oracle\Java\javapath;C:\WINDOWS\system32;C:\WINDOWS;C:\WINDOWS\System32\Wbem;C:\WINDOWS\System32\WindowsPowerShell\v1.0\;C:\WINDOWS\System32\OpenSSH\;C:\Program Files (x86)\Intel\Intel(R) Management Engine Components\DAL;C:\Program Files\Intel\Intel(R) Management Engine Components\DAL;C:\Program Files (x86)\Intel\Intel(R) Management Engine Components\IPT;C:\Program Files\Intel\Intel(R) Management Engine Components\IPT;H:\apache-maven-3.6.3-bin\apache-maven-3.6.3\bin;C:\Program Files\Java\jdk1.8.0_251\bin;C:\Users\sahil\AppData\Local\Microsoft\WindowsApps;;."/>
    <property name="java.vm.info" value="mixed mode"/>
    <property name="java.vendor" value="Oracle Corporation"/>
    <property name="java.vm.version" value="25.251-b08"/>
    <property name="java.ext.dirs" value="C:\Program Files\Java\jdk1.8.0_251\jre\lib\ext;C:\WINDOWS\Sun\Java\lib\ext"/>
    <property name="sun.io.unicode.encoding" value="UnicodeLittle"/>
    <property name="java.class.version" value="52.0"/>
  </properties>
  <testcase name="testApp on testApp(Cucumber.Automation.AppTest)" classname="Cucumber.Automation.AppTest" time="0.001"/>
</testsuite>